240826142955.885 INFO 'ansible_navigator.setup_logger' New ansible-navigator instance, logging initialized
240826142955.888 INFO 'ansible_navigator.setup_logger' New ansible-runner instance, logging initialized
240826142955.889 DEBUG 'ansible_navigator.main' Share directory '/usr/local/lib/python3.6/share/ansible_navigator' not found (development path)
240826142955.889 DEBUG 'ansible_navigator.main' Share directory '/root/.local/share/ansible_navigator' not found (userbase)
240826142955.890 DEBUG 'ansible_navigator.main' Share directory '/usr/share/ansible_navigator' not found (sys.prefix)
240826142955.890 DEBUG 'ansible_navigator.main' Share directory '/usr/share/ansible_navigator' not found (datarootdir)
240826142955.891 DEBUG 'ansible_navigator.main' Share directory '/usr/share/ansible_navigator' not found (datadir)
240826142955.892 DEBUG 'ansible_navigator.main' Share directory '/usr/local/share/ansible_navigator' found (prefix)
240826142955.892 DEBUG 'ansible_navigator.main' Default collection_doc_cache_path set to: /root/.cache/ansible-navigator/collection_doc_cache.db
240826142955.893 DEBUG 'ansible_navigator.main' EDITOR environment variable not set
240826142955.893 DEBUG 'ansible_navigator.main' Default editor_command set to: vi +{line_number} {filename}
240826142955.894 DEBUG 'ansible_navigator.main' No config file set by ANSIBLE_NAVIGATOR_CONFIG
240826142955.894 DEBUG 'ansible_navigator.main' Looking in /root
240826142955.894 DEBUG 'ansible_navigator.main' Looking for '/root/.ansible-navigator.yml', '/root/.ansible-navigator.yaml' and '/root/.ansible-navigator.json'
240826142955.895 DEBUG 'ansible_navigator.main' Found 0: 
240826142955.895 DEBUG 'ansible_navigator.main' Looking in /root/ansible-dir
240826142955.896 DEBUG 'ansible_navigator.main' Looking for '/root/ansible-dir/ansible-navigator.yml', '/root/ansible-dir/ansible-navigator.yaml' and '/root/ansible-dir/ansible-navigator.json'
240826142955.896 DEBUG 'ansible_navigator.main' Found 0: 
240826142955.897 DEBUG 'ansible_navigator.main' All found 0: 
240826142955.897 DEBUG 'ansible_navigator.main' Using: None
240826142955.897 DEBUG 'ansible_navigator.main' No valid settings file found, using all default values for settings.
240826142955.898 DEBUG 'ansible_navigator.main' Command provided: ''
240826142955.898 DEBUG 'ansible_navigator.main' Completed post processing for ansible_runner_artifact_dir. (changed=False)
240826142955.899 DEBUG 'ansible_navigator.main' Completed post processing for ansible_runner_rotate_artifacts_count. (changed=False)
240826142955.899 DEBUG 'ansible_navigator.main' Completed post processing for ansible_runner_timeout. (changed=False)
240826142955.900 DEBUG 'ansible_navigator.main' Completed post processing for cmdline. (changed=False)
240826142955.900 DEBUG 'ansible_navigator.main' Completed post processing for collection_doc_cache_path. (changed=False)
240826142955.901 DEBUG 'ansible_navigator.main' Completed post processing for container_engine. (changed=False)
240826142955.901 DEBUG 'ansible_navigator.main' Completed post processing for container_options. (changed=False)
240826142955.902 DEBUG 'ansible_navigator.main' Completed post processing for display_color. (changed=False)
240826142955.902 DEBUG 'ansible_navigator.main' Completed post processing for editor_console. (changed=False)
240826142955.902 DEBUG 'ansible_navigator.main' Completed post processing for execution_environment. (changed=False)
240826142955.903 DEBUG 'ansible_navigator.main' Completed post processing for execution_environment_image. (changed=False)
240826142955.903 DEBUG 'ansible_navigator.main' Completed post processing for execution_environment_volume_mounts. (changed=False)
240826142955.904 DEBUG 'ansible_navigator.main' Completed post processing for help_config. (changed=False)
240826142955.904 DEBUG 'ansible_navigator.main' Completed post processing for help_doc. (changed=False)
240826142955.905 DEBUG 'ansible_navigator.main' Completed post processing for help_inventory. (changed=False)
240826142955.905 DEBUG 'ansible_navigator.main' Completed post processing for help_playbook. (changed=False)
240826142955.906 DEBUG 'ansible_navigator.main' Completed post processing for inventory. (changed=False)
240826142955.906 DEBUG 'ansible_navigator.main' Completed post processing for inventory_column. (changed=False)
240826142955.907 DEBUG 'ansible_navigator.main' Completed post processing for log_append. (changed=False)
240826142955.907 DEBUG 'ansible_navigator.main' Completed post processing for log_file. (changed=False)
240826142955.907 DEBUG 'ansible_navigator.main' Completed post processing for mode. (changed=False)
240826142955.908 DEBUG 'ansible_navigator.main' Completed post processing for osc4. (changed=False)
240826142955.908 DEBUG 'ansible_navigator.main' Completed post processing for pass_environment_variable. (changed=False)
240826142955.909 DEBUG 'ansible_navigator.main' Completed post processing for playbook. (changed=False)
240826142955.909 DEBUG 'ansible_navigator.main' Completed post processing for playbook_artifact_enable. (changed=False)
240826142955.910 DEBUG 'ansible_navigator.main' Completed post processing for playbook_artifact_replay. (changed=False)
240826142955.910 DEBUG 'ansible_navigator.main' Completed post processing for plugin_name. (changed=False)
240826142955.910 DEBUG 'ansible_navigator.main' Completed post processing for set_environment_variable. (changed=False)
240826142955.911 WARNING 'ansible_navigator.main' Configuration errors encountered, rolling back to previous configuration.
240826142955.911 DEBUG 'ansible_navigator.main' Prior to rollback: ansible_runner_artifact_dir = 'Constants.NOT_SET' (Constants/value has not been set)
240826142955.912 DEBUG 'ansible_navigator.main' Prior to rollback: ansible_runner_rotate_artifacts_count = 'Constants.NOT_SET' (Constants/value has not been set)
240826142955.912 DEBUG 'ansible_navigator.main' Prior to rollback: ansible_runner_timeout = 'Constants.NOT_SET' (Constants/value has not been set)
240826142955.912 DEBUG 'ansible_navigator.main' Prior to rollback: app = 'welcome' (str/default configuration value)
240826142955.913 DEBUG 'ansible_navigator.main' Prior to rollback: cmdline = 'Constants.NOT_SET' (Constants/value has not been set)
240826142955.913 DEBUG 'ansible_navigator.main' Prior to rollback: collection_doc_cache_path = '/root/.cache/ansible-navigator/collection_doc_cache.db' (str/default configuration value)
240826142955.914 DEBUG 'ansible_navigator.main' Prior to rollback: config = 'Constants.NOT_SET' (Constants/value has not been set)
240826142955.914 DEBUG 'ansible_navigator.main' Prior to rollback: container_engine = 'auto' (str/default configuration value)
240826142955.915 DEBUG 'ansible_navigator.main' Prior to rollback: container_options = 'Constants.NOT_SET' (Constants/value has not been set)
240826142955.915 DEBUG 'ansible_navigator.main' Prior to rollback: display_color = 'True' (bool/default configuration value)
240826142955.916 DEBUG 'ansible_navigator.main' Prior to rollback: editor_command = 'vi +{line_number} {filename}' (str/default configuration value)
240826142955.916 DEBUG 'ansible_navigator.main' Prior to rollback: editor_console = 'True' (bool/default configuration value)
240826142955.916 DEBUG 'ansible_navigator.main' Prior to rollback: execution_environment = 'True' (bool/default configuration value)
240826142955.917 DEBUG 'ansible_navigator.main' Prior to rollback: execution_environment_image = 'quay.io/ansible/ansible-navigator-demo-ee:0.6.0' (str/default configuration value)
240826142955.917 DEBUG 'ansible_navigator.main' Prior to rollback: execution_environment_volume_mounts = 'Constants.NOT_SET' (Constants/value has not been set)
240826142955.918 DEBUG 'ansible_navigator.main' Prior to rollback: help_config = 'False' (bool/default configuration value)
240826142955.918 DEBUG 'ansible_navigator.main' Prior to rollback: help_doc = 'False' (bool/default configuration value)
240826142955.919 DEBUG 'ansible_navigator.main' Prior to rollback: help_inventory = 'False' (bool/default configuration value)
240826142955.919 DEBUG 'ansible_navigator.main' Prior to rollback: help_playbook = 'False' (bool/default configuration value)
240826142955.920 DEBUG 'ansible_navigator.main' Prior to rollback: inventory = 'Constants.NOT_SET' (Constants/value has not been set)
240826142955.920 DEBUG 'ansible_navigator.main' Prior to rollback: inventory_column = 'Constants.NOT_SET' (Constants/value has not been set)
240826142955.921 DEBUG 'ansible_navigator.main' Prior to rollback: log_append = 'True' (bool/default configuration value)
240826142955.921 DEBUG 'ansible_navigator.main' Prior to rollback: log_file = '/root/ansible-dir/ansible-navigator.log' (str/default configuration value)
240826142955.922 DEBUG 'ansible_navigator.main' Prior to rollback: log_level = 'warning' (str/default configuration value)
240826142955.922 DEBUG 'ansible_navigator.main' Prior to rollback: mode = 'interactive' (str/default configuration value)
240826142955.923 DEBUG 'ansible_navigator.main' Prior to rollback: osc4 = 'True' (bool/default configuration value)
240826142955.923 DEBUG 'ansible_navigator.main' Prior to rollback: pass_environment_variable = 'Constants.NOT_SET' (Constants/value has not been set)
240826142955.924 DEBUG 'ansible_navigator.main' Prior to rollback: playbook = 'Constants.NOT_SET' (Constants/value has not been set)
240826142955.924 DEBUG 'ansible_navigator.main' Prior to rollback: playbook_artifact_enable = 'True' (bool/default configuration value)
240826142955.925 DEBUG 'ansible_navigator.main' Prior to rollback: playbook_artifact_replay = 'Constants.NOT_SET' (Constants/value has not been set)
240826142955.925 DEBUG 'ansible_navigator.main' Prior to rollback: playbook_artifact_save_as = '{playbook_dir}/{playbook_name}-artifact-{ts_utc}.json' (str/default configuration value)
240826142955.925 DEBUG 'ansible_navigator.main' Prior to rollback: plugin_name = 'Constants.NOT_SET' (Constants/value has not been set)
240826142955.926 DEBUG 'ansible_navigator.main' Prior to rollback: plugin_type = 'module' (str/default configuration value)
240826142955.926 DEBUG 'ansible_navigator.main' Prior to rollback: pull_policy = 'tag' (str/default configuration value)
240826142955.927 DEBUG 'ansible_navigator.main' Prior to rollback: set_environment_variable = 'Constants.NOT_SET' (Constants/value has not been set)
240826142955.927 DEBUG 'ansible_navigator.main' After rollback: ansible_runner_artifact_dir = 'Constants.NOT_SET' (Constants/value has not been set)
240826142955.928 DEBUG 'ansible_navigator.main' After rollback: ansible_runner_rotate_artifacts_count = 'Constants.NOT_SET' (Constants/value has not been set)
240826142955.928 DEBUG 'ansible_navigator.main' After rollback: ansible_runner_timeout = 'Constants.NOT_SET' (Constants/value has not been set)
240826142955.929 DEBUG 'ansible_navigator.main' After rollback: app = 'Constants.NOT_SET' (Constants/value has not been set)
240826142955.929 DEBUG 'ansible_navigator.main' After rollback: cmdline = 'Constants.NOT_SET' (Constants/value has not been set)
240826142955.930 DEBUG 'ansible_navigator.main' After rollback: collection_doc_cache_path = 'Constants.NOT_SET' (Constants/value has not been set)
240826142955.930 DEBUG 'ansible_navigator.main' After rollback: config = 'Constants.NOT_SET' (Constants/value has not been set)
240826142955.931 DEBUG 'ansible_navigator.main' After rollback: container_engine = 'Constants.NOT_SET' (Constants/value has not been set)
240826142955.931 DEBUG 'ansible_navigator.main' After rollback: container_options = 'Constants.NOT_SET' (Constants/value has not been set)
240826142955.932 DEBUG 'ansible_navigator.main' After rollback: display_color = 'Constants.NOT_SET' (Constants/value has not been set)
240826142955.932 DEBUG 'ansible_navigator.main' After rollback: editor_command = 'Constants.NOT_SET' (Constants/value has not been set)
240826142955.933 DEBUG 'ansible_navigator.main' After rollback: editor_console = 'Constants.NOT_SET' (Constants/value has not been set)
240826142955.933 DEBUG 'ansible_navigator.main' After rollback: execution_environment = 'Constants.NOT_SET' (Constants/value has not been set)
240826142955.933 DEBUG 'ansible_navigator.main' After rollback: execution_environment_image = 'Constants.NOT_SET' (Constants/value has not been set)
240826142955.934 DEBUG 'ansible_navigator.main' After rollback: execution_environment_volume_mounts = 'Constants.NOT_SET' (Constants/value has not been set)
240826142955.935 DEBUG 'ansible_navigator.main' After rollback: help_config = 'Constants.NOT_SET' (Constants/value has not been set)
240826142955.935 DEBUG 'ansible_navigator.main' After rollback: help_doc = 'Constants.NOT_SET' (Constants/value has not been set)
240826142955.935 DEBUG 'ansible_navigator.main' After rollback: help_inventory = 'Constants.NOT_SET' (Constants/value has not been set)
240826142955.936 DEBUG 'ansible_navigator.main' After rollback: help_playbook = 'Constants.NOT_SET' (Constants/value has not been set)
240826142955.936 DEBUG 'ansible_navigator.main' After rollback: inventory = 'Constants.NOT_SET' (Constants/value has not been set)
240826142955.937 DEBUG 'ansible_navigator.main' After rollback: inventory_column = 'Constants.NOT_SET' (Constants/value has not been set)
240826142955.937 DEBUG 'ansible_navigator.main' After rollback: log_append = 'Constants.NOT_SET' (Constants/value has not been set)
240826142955.937 DEBUG 'ansible_navigator.main' After rollback: log_file = 'Constants.NOT_SET' (Constants/value has not been set)
240826142955.938 DEBUG 'ansible_navigator.main' After rollback: log_level = 'Constants.NOT_SET' (Constants/value has not been set)
240826142955.938 DEBUG 'ansible_navigator.main' After rollback: mode = 'Constants.NOT_SET' (Constants/value has not been set)
240826142955.939 DEBUG 'ansible_navigator.main' After rollback: osc4 = 'Constants.NOT_SET' (Constants/value has not been set)
240826142955.939 DEBUG 'ansible_navigator.main' After rollback: pass_environment_variable = 'Constants.NOT_SET' (Constants/value has not been set)
240826142955.939 DEBUG 'ansible_navigator.main' After rollback: playbook = 'Constants.NOT_SET' (Constants/value has not been set)
240826142955.940 DEBUG 'ansible_navigator.main' After rollback: playbook_artifact_enable = 'Constants.NOT_SET' (Constants/value has not been set)
240826142955.940 DEBUG 'ansible_navigator.main' After rollback: playbook_artifact_replay = 'Constants.NOT_SET' (Constants/value has not been set)
240826142955.941 DEBUG 'ansible_navigator.main' After rollback: playbook_artifact_save_as = 'Constants.NOT_SET' (Constants/value has not been set)
240826142955.941 DEBUG 'ansible_navigator.main' After rollback: plugin_name = 'Constants.NOT_SET' (Constants/value has not been set)
240826142955.941 DEBUG 'ansible_navigator.main' After rollback: plugin_type = 'Constants.NOT_SET' (Constants/value has not been set)
240826142955.942 DEBUG 'ansible_navigator.main' After rollback: pull_policy = 'Constants.NOT_SET' (Constants/value has not been set)
240826142955.942 DEBUG 'ansible_navigator.main' After rollback: set_environment_variable = 'Constants.NOT_SET' (Constants/value has not been set)
240826142955.943 DEBUG 'ansible_navigator.main' Configuration rollback complete.
240826142955.943 ERROR 'ansible_navigator.main' Command provided: ''
240826142955.944 ERROR 'ansible_navigator.main' No container engine could be found: 'auto', set by 'default configuration value'
240826142955.944 INFO 'ansible_navigator.main' Try installing 'podman' or 'docker'
240826142955.945 ERROR 'ansible_navigator.main' Configuration failed, using default log file location: /root/ansible-dir/ansible-navigator.log. Log level set to debug
240826142955.945 INFO 'ansible_navigator.main' Review the hints and log file to see what went wrong: /root/ansible-dir/ansible-navigator.log
240826143153.859 INFO 'ansible_navigator.setup_logger' New ansible-navigator instance, logging initialized
240826143153.860 INFO 'ansible_navigator.setup_logger' New ansible-runner instance, logging initialized
240826143153.861 DEBUG 'ansible_navigator.main' Share directory '/usr/local/lib/python3.6/share/ansible_navigator' not found (development path)
240826143153.861 DEBUG 'ansible_navigator.main' Share directory '/root/.local/share/ansible_navigator' not found (userbase)
240826143153.862 DEBUG 'ansible_navigator.main' Share directory '/usr/share/ansible_navigator' not found (sys.prefix)
240826143153.862 DEBUG 'ansible_navigator.main' Share directory '/usr/share/ansible_navigator' not found (datarootdir)
240826143153.863 DEBUG 'ansible_navigator.main' Share directory '/usr/share/ansible_navigator' not found (datadir)
240826143153.863 DEBUG 'ansible_navigator.main' Share directory '/usr/local/share/ansible_navigator' found (prefix)
240826143153.864 DEBUG 'ansible_navigator.main' Default collection_doc_cache_path set to: /root/.cache/ansible-navigator/collection_doc_cache.db
240826143153.864 DEBUG 'ansible_navigator.main' EDITOR environment variable not set
240826143153.864 DEBUG 'ansible_navigator.main' Default editor_command set to: vi +{line_number} {filename}
240826143153.865 DEBUG 'ansible_navigator.main' No config file set by ANSIBLE_NAVIGATOR_CONFIG
240826143153.865 DEBUG 'ansible_navigator.main' Looking in /root
240826143153.866 DEBUG 'ansible_navigator.main' Looking for '/root/.ansible-navigator.yml', '/root/.ansible-navigator.yaml' and '/root/.ansible-navigator.json'
240826143153.866 DEBUG 'ansible_navigator.main' Found 0: 
240826143153.866 DEBUG 'ansible_navigator.main' Looking in /root/ansible-dir
240826143153.867 DEBUG 'ansible_navigator.main' Looking for '/root/ansible-dir/ansible-navigator.yml', '/root/ansible-dir/ansible-navigator.yaml' and '/root/ansible-dir/ansible-navigator.json'
240826143153.867 DEBUG 'ansible_navigator.main' Found 0: 
240826143153.868 DEBUG 'ansible_navigator.main' All found 0: 
240826143153.869 DEBUG 'ansible_navigator.main' Using: None
240826143153.869 DEBUG 'ansible_navigator.main' No valid settings file found, using all default values for settings.
240826143153.870 DEBUG 'ansible_navigator.main' Command provided: ''
240826143153.872 DEBUG 'ansible_navigator.main' Completed post processing for ansible_runner_artifact_dir. (changed=False)
240826143153.873 DEBUG 'ansible_navigator.main' Completed post processing for ansible_runner_rotate_artifacts_count. (changed=False)
240826143153.874 DEBUG 'ansible_navigator.main' Completed post processing for ansible_runner_timeout. (changed=False)
240826143153.874 DEBUG 'ansible_navigator.main' Completed post processing for cmdline. (changed=False)
240826143153.874 DEBUG 'ansible_navigator.main' Completed post processing for collection_doc_cache_path. (changed=False)
240826143153.875 DEBUG 'ansible_navigator.main' Completed post processing for container_engine. (changed=False)
240826143153.875 DEBUG 'ansible_navigator.main' Completed post processing for container_options. (changed=False)
240826143153.876 DEBUG 'ansible_navigator.main' Completed post processing for display_color. (changed=False)
240826143153.876 DEBUG 'ansible_navigator.main' Completed post processing for editor_console. (changed=False)
240826143153.877 DEBUG 'ansible_navigator.main' Completed post processing for execution_environment. (changed=False)
240826143153.877 DEBUG 'ansible_navigator.main' Completed post processing for execution_environment_image. (changed=False)
240826143153.878 DEBUG 'ansible_navigator.main' Completed post processing for execution_environment_volume_mounts. (changed=False)
240826143153.878 DEBUG 'ansible_navigator.main' Completed post processing for help_config. (changed=False)
240826143153.879 DEBUG 'ansible_navigator.main' Completed post processing for help_doc. (changed=False)
240826143153.879 DEBUG 'ansible_navigator.main' Completed post processing for help_inventory. (changed=False)
240826143153.879 DEBUG 'ansible_navigator.main' Completed post processing for help_playbook. (changed=False)
240826143153.880 DEBUG 'ansible_navigator.main' Completed post processing for inventory. (changed=False)
240826143153.880 DEBUG 'ansible_navigator.main' Completed post processing for inventory_column. (changed=False)
240826143153.881 DEBUG 'ansible_navigator.main' Completed post processing for log_append. (changed=False)
240826143153.881 DEBUG 'ansible_navigator.main' Completed post processing for log_file. (changed=False)
240826143153.882 DEBUG 'ansible_navigator.main' Completed post processing for mode. (changed=False)
240826143153.882 DEBUG 'ansible_navigator.main' Completed post processing for osc4. (changed=False)
240826143153.883 DEBUG 'ansible_navigator.main' Completed post processing for pass_environment_variable. (changed=False)
240826143153.883 DEBUG 'ansible_navigator.main' Completed post processing for playbook. (changed=False)
240826143153.883 DEBUG 'ansible_navigator.main' Completed post processing for playbook_artifact_enable. (changed=False)
240826143153.884 DEBUG 'ansible_navigator.main' Completed post processing for playbook_artifact_replay. (changed=False)
240826143153.884 DEBUG 'ansible_navigator.main' Completed post processing for plugin_name. (changed=False)
240826143153.885 DEBUG 'ansible_navigator.main' Completed post processing for set_environment_variable. (changed=False)
240826143153.885 WARNING 'ansible_navigator.main' Configuration errors encountered, rolling back to previous configuration.
240826143153.886 DEBUG 'ansible_navigator.main' Prior to rollback: ansible_runner_artifact_dir = 'Constants.NOT_SET' (Constants/value has not been set)
240826143153.886 DEBUG 'ansible_navigator.main' Prior to rollback: ansible_runner_rotate_artifacts_count = 'Constants.NOT_SET' (Constants/value has not been set)
240826143153.886 DEBUG 'ansible_navigator.main' Prior to rollback: ansible_runner_timeout = 'Constants.NOT_SET' (Constants/value has not been set)
240826143153.887 DEBUG 'ansible_navigator.main' Prior to rollback: app = 'welcome' (str/default configuration value)
240826143153.887 DEBUG 'ansible_navigator.main' Prior to rollback: cmdline = 'Constants.NOT_SET' (Constants/value has not been set)
240826143153.888 DEBUG 'ansible_navigator.main' Prior to rollback: collection_doc_cache_path = '/root/.cache/ansible-navigator/collection_doc_cache.db' (str/default configuration value)
240826143153.888 DEBUG 'ansible_navigator.main' Prior to rollback: config = 'Constants.NOT_SET' (Constants/value has not been set)
240826143153.888 DEBUG 'ansible_navigator.main' Prior to rollback: container_engine = 'auto' (str/default configuration value)
240826143153.889 DEBUG 'ansible_navigator.main' Prior to rollback: container_options = 'Constants.NOT_SET' (Constants/value has not been set)
240826143153.889 DEBUG 'ansible_navigator.main' Prior to rollback: display_color = 'True' (bool/default configuration value)
240826143153.890 DEBUG 'ansible_navigator.main' Prior to rollback: editor_command = 'vi +{line_number} {filename}' (str/default configuration value)
240826143153.890 DEBUG 'ansible_navigator.main' Prior to rollback: editor_console = 'True' (bool/default configuration value)
240826143153.890 DEBUG 'ansible_navigator.main' Prior to rollback: execution_environment = 'True' (bool/default configuration value)
240826143153.891 DEBUG 'ansible_navigator.main' Prior to rollback: execution_environment_image = 'quay.io/ansible/ansible-navigator-demo-ee:0.6.0' (str/default configuration value)
240826143153.891 DEBUG 'ansible_navigator.main' Prior to rollback: execution_environment_volume_mounts = 'Constants.NOT_SET' (Constants/value has not been set)
240826143153.892 DEBUG 'ansible_navigator.main' Prior to rollback: help_config = 'False' (bool/default configuration value)
240826143153.892 DEBUG 'ansible_navigator.main' Prior to rollback: help_doc = 'False' (bool/default configuration value)
240826143153.893 DEBUG 'ansible_navigator.main' Prior to rollback: help_inventory = 'False' (bool/default configuration value)
240826143153.893 DEBUG 'ansible_navigator.main' Prior to rollback: help_playbook = 'False' (bool/default configuration value)
240826143153.893 DEBUG 'ansible_navigator.main' Prior to rollback: inventory = 'Constants.NOT_SET' (Constants/value has not been set)
240826143153.894 DEBUG 'ansible_navigator.main' Prior to rollback: inventory_column = 'Constants.NOT_SET' (Constants/value has not been set)
240826143153.894 DEBUG 'ansible_navigator.main' Prior to rollback: log_append = 'True' (bool/default configuration value)
240826143153.895 DEBUG 'ansible_navigator.main' Prior to rollback: log_file = '/root/ansible-dir/ansible-navigator.log' (str/default configuration value)
240826143153.895 DEBUG 'ansible_navigator.main' Prior to rollback: log_level = 'warning' (str/default configuration value)
240826143153.896 DEBUG 'ansible_navigator.main' Prior to rollback: mode = 'interactive' (str/default configuration value)
240826143153.896 DEBUG 'ansible_navigator.main' Prior to rollback: osc4 = 'True' (bool/default configuration value)
240826143153.896 DEBUG 'ansible_navigator.main' Prior to rollback: pass_environment_variable = 'Constants.NOT_SET' (Constants/value has not been set)
240826143153.897 DEBUG 'ansible_navigator.main' Prior to rollback: playbook = 'Constants.NOT_SET' (Constants/value has not been set)
240826143153.897 DEBUG 'ansible_navigator.main' Prior to rollback: playbook_artifact_enable = 'True' (bool/default configuration value)
240826143153.898 DEBUG 'ansible_navigator.main' Prior to rollback: playbook_artifact_replay = 'Constants.NOT_SET' (Constants/value has not been set)
240826143153.898 DEBUG 'ansible_navigator.main' Prior to rollback: playbook_artifact_save_as = '{playbook_dir}/{playbook_name}-artifact-{ts_utc}.json' (str/default configuration value)
240826143153.898 DEBUG 'ansible_navigator.main' Prior to rollback: plugin_name = 'Constants.NOT_SET' (Constants/value has not been set)
240826143153.899 DEBUG 'ansible_navigator.main' Prior to rollback: plugin_type = 'module' (str/default configuration value)
240826143153.899 DEBUG 'ansible_navigator.main' Prior to rollback: pull_policy = 'tag' (str/default configuration value)
240826143153.900 DEBUG 'ansible_navigator.main' Prior to rollback: set_environment_variable = 'Constants.NOT_SET' (Constants/value has not been set)
240826143153.900 DEBUG 'ansible_navigator.main' After rollback: ansible_runner_artifact_dir = 'Constants.NOT_SET' (Constants/value has not been set)
240826143153.900 DEBUG 'ansible_navigator.main' After rollback: ansible_runner_rotate_artifacts_count = 'Constants.NOT_SET' (Constants/value has not been set)
240826143153.901 DEBUG 'ansible_navigator.main' After rollback: ansible_runner_timeout = 'Constants.NOT_SET' (Constants/value has not been set)
240826143153.901 DEBUG 'ansible_navigator.main' After rollback: app = 'Constants.NOT_SET' (Constants/value has not been set)
240826143153.902 DEBUG 'ansible_navigator.main' After rollback: cmdline = 'Constants.NOT_SET' (Constants/value has not been set)
240826143153.902 DEBUG 'ansible_navigator.main' After rollback: collection_doc_cache_path = 'Constants.NOT_SET' (Constants/value has not been set)
240826143153.902 DEBUG 'ansible_navigator.main' After rollback: config = 'Constants.NOT_SET' (Constants/value has not been set)
240826143153.903 DEBUG 'ansible_navigator.main' After rollback: container_engine = 'Constants.NOT_SET' (Constants/value has not been set)
240826143153.903 DEBUG 'ansible_navigator.main' After rollback: container_options = 'Constants.NOT_SET' (Constants/value has not been set)
240826143153.904 DEBUG 'ansible_navigator.main' After rollback: display_color = 'Constants.NOT_SET' (Constants/value has not been set)
240826143153.904 DEBUG 'ansible_navigator.main' After rollback: editor_command = 'Constants.NOT_SET' (Constants/value has not been set)
240826143153.904 DEBUG 'ansible_navigator.main' After rollback: editor_console = 'Constants.NOT_SET' (Constants/value has not been set)
240826143153.905 DEBUG 'ansible_navigator.main' After rollback: execution_environment = 'Constants.NOT_SET' (Constants/value has not been set)
240826143153.905 DEBUG 'ansible_navigator.main' After rollback: execution_environment_image = 'Constants.NOT_SET' (Constants/value has not been set)
240826143153.906 DEBUG 'ansible_navigator.main' After rollback: execution_environment_volume_mounts = 'Constants.NOT_SET' (Constants/value has not been set)
240826143153.906 DEBUG 'ansible_navigator.main' After rollback: help_config = 'Constants.NOT_SET' (Constants/value has not been set)
240826143153.906 DEBUG 'ansible_navigator.main' After rollback: help_doc = 'Constants.NOT_SET' (Constants/value has not been set)
240826143153.907 DEBUG 'ansible_navigator.main' After rollback: help_inventory = 'Constants.NOT_SET' (Constants/value has not been set)
240826143153.907 DEBUG 'ansible_navigator.main' After rollback: help_playbook = 'Constants.NOT_SET' (Constants/value has not been set)
240826143153.908 DEBUG 'ansible_navigator.main' After rollback: inventory = 'Constants.NOT_SET' (Constants/value has not been set)
240826143153.908 DEBUG 'ansible_navigator.main' After rollback: inventory_column = 'Constants.NOT_SET' (Constants/value has not been set)
240826143153.909 DEBUG 'ansible_navigator.main' After rollback: log_append = 'Constants.NOT_SET' (Constants/value has not been set)
240826143153.909 DEBUG 'ansible_navigator.main' After rollback: log_file = 'Constants.NOT_SET' (Constants/value has not been set)
240826143153.909 DEBUG 'ansible_navigator.main' After rollback: log_level = 'Constants.NOT_SET' (Constants/value has not been set)
240826143153.910 DEBUG 'ansible_navigator.main' After rollback: mode = 'Constants.NOT_SET' (Constants/value has not been set)
240826143153.910 DEBUG 'ansible_navigator.main' After rollback: osc4 = 'Constants.NOT_SET' (Constants/value has not been set)
240826143153.911 DEBUG 'ansible_navigator.main' After rollback: pass_environment_variable = 'Constants.NOT_SET' (Constants/value has not been set)
240826143153.911 DEBUG 'ansible_navigator.main' After rollback: playbook = 'Constants.NOT_SET' (Constants/value has not been set)
240826143153.911 DEBUG 'ansible_navigator.main' After rollback: playbook_artifact_enable = 'Constants.NOT_SET' (Constants/value has not been set)
240826143153.912 DEBUG 'ansible_navigator.main' After rollback: playbook_artifact_replay = 'Constants.NOT_SET' (Constants/value has not been set)
240826143153.912 DEBUG 'ansible_navigator.main' After rollback: playbook_artifact_save_as = 'Constants.NOT_SET' (Constants/value has not been set)
240826143153.913 DEBUG 'ansible_navigator.main' After rollback: plugin_name = 'Constants.NOT_SET' (Constants/value has not been set)
240826143153.913 DEBUG 'ansible_navigator.main' After rollback: plugin_type = 'Constants.NOT_SET' (Constants/value has not been set)
240826143153.913 DEBUG 'ansible_navigator.main' After rollback: pull_policy = 'Constants.NOT_SET' (Constants/value has not been set)
240826143153.914 DEBUG 'ansible_navigator.main' After rollback: set_environment_variable = 'Constants.NOT_SET' (Constants/value has not been set)
240826143153.914 DEBUG 'ansible_navigator.main' Configuration rollback complete.
240826143153.915 ERROR 'ansible_navigator.main' Command provided: ''
240826143153.915 ERROR 'ansible_navigator.main' No container engine could be found: 'auto', set by 'default configuration value'
240826143153.915 INFO 'ansible_navigator.main' Try installing 'podman' or 'docker'
240826143153.916 ERROR 'ansible_navigator.main' Configuration failed, using default log file location: /root/ansible-dir/ansible-navigator.log. Log level set to debug
240826143153.916 INFO 'ansible_navigator.main' Review the hints and log file to see what went wrong: /root/ansible-dir/ansible-navigator.log
